{"/home/web3joker/Downloads/protobase/contractDeployer.ts": {"path":"/home/web3joker/Downloads/protobase/contractDeployer.ts","statementMap":{"0":{"start":{"line":34,"column":2},"end":{"line":137,"column":null}},"1":{"start":{"line":35,"column":4},"end":{"line":39,"column":null}},"2":{"start":{"line":42,"column":22},"end":{"line":42,"column":null}},"3":{"start":{"line":44,"column":4},"end":{"line":48,"column":null}},"4":{"start":{"line":51,"column":4},"end":{"line":55,"column":null}},"5":{"start":{"line":57,"column":4},"end":{"line":61,"column":null}},"6":{"start":{"line":64,"column":4},"end":{"line":68,"column":null}},"7":{"start":{"line":70,"column":17},"end":{"line":76,"column":null}},"8":{"start":{"line":78,"column":4},"end":{"line":82,"column":null}},"9":{"start":{"line":85,"column":20},"end":{"line":88,"column":null}},"10":{"start":{"line":90,"column":4},"end":{"line":92,"column":null}},"11":{"start":{"line":91,"column":6},"end":{"line":91,"column":null}},"12":{"start":{"line":94,"column":4},"end":{"line":98,"column":null}},"13":{"start":{"line":100,"column":4},"end":{"line":104,"column":null}},"14":{"start":{"line":106,"column":4},"end":{"line":110,"column":null}},"15":{"start":{"line":112,"column":4},"end":{"line":116,"column":null}},"16":{"start":{"line":118,"column":4},"end":{"line":122,"column":null}},"17":{"start":{"line":124,"column":4},"end":{"line":129,"column":null}},"18":{"start":{"line":131,"column":4},"end":{"line":135,"column":null}},"19":{"start":{"line":136,"column":4},"end":{"line":136,"column":null}},"20":{"start":{"line":145,"column":2},"end":{"line":189,"column":null}},"21":{"start":{"line":147,"column":18},"end":{"line":165,"column":null}},"22":{"start":{"line":168,"column":19},"end":{"line":168,"column":null}},"23":{"start":{"line":171,"column":4},"end":{"line":176,"column":null}},"24":{"start":{"line":172,"column":21},"end":{"line":172,"column":null}},"25":{"start":{"line":172,"column":56},"end":{"line":172,"column":80}},"26":{"start":{"line":173,"column":6},"end":{"line":175,"column":null}},"27":{"start":{"line":174,"column":8},"end":{"line":174,"column":null}},"28":{"start":{"line":174,"column":70},"end":{"line":174,"column":79}},"29":{"start":{"line":179,"column":25},"end":{"line":179,"column":null}},"30":{"start":{"line":180,"column":21},"end":{"line":180,"column":null}},"31":{"start":{"line":182,"column":21},"end":{"line":182,"column":null}},"32":{"start":{"line":183,"column":16},"end":{"line":183,"column":null}},"33":{"start":{"line":185,"column":4},"end":{"line":185,"column":null}},"34":{"start":{"line":187,"column":4},"end":{"line":187,"column":null}},"35":{"start":{"line":188,"column":4},"end":{"line":188,"column":null}}},"fnMap":{"0":{"name":"deployContract","decl":{"start":{"line":26,"column":22},"end":{"line":26,"column":null}},"loc":{"start":{"line":33,"column":29},"end":{"line":138,"column":null}},"line":33},"1":{"name":"compileSoliditySource","decl":{"start":{"line":144,"column":16},"end":{"line":144,"column":38}},"loc":{"start":{"line":144,"column":95},"end":{"line":190,"column":null}},"line":144},"2":{"name":"(anonymous_2)","decl":{"start":{"line":172,"column":42},"end":{"line":172,"column":43}},"loc":{"start":{"line":172,"column":56},"end":{"line":172,"column":80}},"line":172},"3":{"name":"(anonymous_3)","decl":{"start":{"line":174,"column":58},"end":{"line":174,"column":59}},"loc":{"start":{"line":174,"column":70},"end":{"line":174,"column":79}},"line":174}},"branchMap":{"0":{"loc":{"start":{"line":31,"column":2},"end":{"line":31,"column":null}},"type":"default-arg","locations":[{"start":{"line":31,"column":27},"end":{"line":31,"column":null}}],"line":31},"1":{"loc":{"start":{"line":90,"column":4},"end":{"line":92,"column":null}},"type":"if","locations":[{"start":{"line":90,"column":4},"end":{"line":92,"column":null}},{"start":{},"end":{}}],"line":90},"2":{"loc":{"start":{"line":171,"column":4},"end":{"line":176,"column":null}},"type":"if","locations":[{"start":{"line":171,"column":4},"end":{"line":176,"column":null}},{"start":{},"end":{}}],"line":171},"3":{"loc":{"start":{"line":173,"column":6},"end":{"line":175,"column":null}},"type":"if","locations":[{"start":{"line":173,"column":6},"end":{"line":175,"column":null}},{"start":{},"end":{}}],"line":173},"4":{"loc":{"start":{"line":188,"column":51},"end":{"line":188,"column":107}},"type":"cond-expr","locations":[{"start":{"line":188,"column":76},"end":{"line":188,"column":92}},{"start":{"line":188,"column":92},"end":{"line":188,"column":107}}],"line":188}},"s":{"0":0,"1":0,"2":0,"3":0,"4":0,"5":0,"6":0,"7":0,"8":0,"9":0,"10":0,"11":0,"12":0,"13":0,"14":0,"15":0,"16":0,"17":0,"18":0,"19":0,"20":0,"21":0,"22":0,"23":0,"24":0,"25":0,"26":0,"27":0,"28":0,"29":0,"30":0,"31":0,"32":0,"33":0,"34":0,"35":0},"f":{"0":0,"1":0,"2":0,"3":0},"b":{"0":[0],"1":[0,0],"2":[0,0],"3":[0,0],"4":[0,0]},"meta":{"lastBranch":5,"lastFunction":4,"lastStatement":36,"seen":{"f:26:22:26:Infinity":0,"b:31:27:31:Infinity":0,"s:34:2:137:Infinity":0,"s:35:4:39:Infinity":1,"s:42:22:42:Infinity":2,"s:44:4:48:Infinity":3,"s:51:4:55:Infinity":4,"s:57:4:61:Infinity":5,"s:64:4:68:Infinity":6,"s:70:17:76:Infinity":7,"s:78:4:82:Infinity":8,"s:85:20:88:Infinity":9,"b:90:4:92:Infinity:undefined:undefined:undefined:undefined":1,"s:90:4:92:Infinity":10,"s:91:6:91:Infinity":11,"s:94:4:98:Infinity":12,"s:100:4:104:Infinity":13,"s:106:4:110:Infinity":14,"s:112:4:116:Infinity":15,"s:118:4:122:Infinity":16,"s:124:4:129:Infinity":17,"s:131:4:135:Infinity":18,"s:136:4:136:Infinity":19,"f:144:16:144:38":1,"s:145:2:189:Infinity":20,"s:147:18:165:Infinity":21,"s:168:19:168:Infinity":22,"b:171:4:176:Infinity:undefined:undefined:undefined:undefined":2,"s:171:4:176:Infinity":23,"s:172:21:172:Infinity":24,"f:172:42:172:43":2,"s:172:56:172:80":25,"b:173:6:175:Infinity:undefined:undefined:undefined:undefined":3,"s:173:6:175:Infinity":26,"s:174:8:174:Infinity":27,"f:174:58:174:59":3,"s:174:70:174:79":28,"s:179:25:179:Infinity":29,"s:180:21:180:Infinity":30,"s:182:21:182:Infinity":31,"s:183:16:183:Infinity":32,"s:185:4:185:Infinity":33,"s:187:4:187:Infinity":34,"s:188:4:188:Infinity":35,"b:188:76:188:92:188:92:188:107":4}}}
,"/home/web3joker/Downloads/protobase/types.ts": {"path":"/home/web3joker/Downloads/protobase/types.ts","statementMap":{"0":{"start":{"line":2,"column":7},"end":{"line":2,"column":null}},"1":{"start":{"line":3,"column":2},"end":{"line":3,"column":null}},"2":{"start":{"line":4,"column":2},"end":{"line":4,"column":null}},"3":{"start":{"line":5,"column":2},"end":{"line":5,"column":null}},"4":{"start":{"line":6,"column":2},"end":{"line":6,"column":null}},"5":{"start":{"line":7,"column":2},"end":{"line":7,"column":null}},"6":{"start":{"line":8,"column":2},"end":{"line":8,"column":null}},"7":{"start":{"line":9,"column":2},"end":{"line":9,"column":null}},"8":{"start":{"line":10,"column":2},"end":{"line":10,"column":null}},"9":{"start":{"line":11,"column":2},"end":{"line":11,"column":null}},"10":{"start":{"line":12,"column":2},"end":{"line":12,"column":null}},"11":{"start":{"line":13,"column":2},"end":{"line":13,"column":null}},"12":{"start":{"line":2,"column":12},"end":{"line":2,"column":null}},"13":{"start":{"line":53,"column":7},"end":{"line":53,"column":null}},"14":{"start":{"line":54,"column":2},"end":{"line":54,"column":null}},"15":{"start":{"line":55,"column":2},"end":{"line":55,"column":null}},"16":{"start":{"line":56,"column":2},"end":{"line":56,"column":null}},"17":{"start":{"line":57,"column":2},"end":{"line":57,"column":null}},"18":{"start":{"line":58,"column":2},"end":{"line":58,"column":null}},"19":{"start":{"line":53,"column":12},"end":{"line":53,"column":null}}},"fnMap":{"0":{"name":"(anonymous_0)","decl":{"start":{"line":2,"column":7},"end":{"line":2,"column":12}},"loc":{"start":{"line":2,"column":7},"end":{"line":2,"column":null}},"line":2},"1":{"name":"(anonymous_1)","decl":{"start":{"line":53,"column":7},"end":{"line":53,"column":12}},"loc":{"start":{"line":53,"column":7},"end":{"line":53,"column":null}},"line":53}},"branchMap":{"0":{"loc":{"start":{"line":2,"column":12},"end":{"line":2,"column":null}},"type":"binary-expr","locations":[{"start":{"line":2,"column":12},"end":{"line":2,"column":null}},{"start":{"line":2,"column":12},"end":{"line":2,"column":null}}],"line":2},"1":{"loc":{"start":{"line":53,"column":12},"end":{"line":53,"column":null}},"type":"binary-expr","locations":[{"start":{"line":53,"column":12},"end":{"line":53,"column":null}},{"start":{"line":53,"column":12},"end":{"line":53,"column":null}}],"line":53}},"s":{"0":1,"1":1,"2":1,"3":1,"4":1,"5":1,"6":1,"7":1,"8":1,"9":1,"10":1,"11":1,"12":1,"13":1,"14":1,"15":1,"16":1,"17":1,"18":1,"19":1},"f":{"0":1,"1":1},"b":{"0":[1,1],"1":[1,1]},"meta":{"lastBranch":2,"lastFunction":2,"lastStatement":20,"seen":{"s:2:7:2:Infinity":0,"f:2:7:2:12":0,"s:3:2:3:Infinity":1,"s:4:2:4:Infinity":2,"s:5:2:5:Infinity":3,"s:6:2:6:Infinity":4,"s:7:2:7:Infinity":5,"s:8:2:8:Infinity":6,"s:9:2:9:Infinity":7,"s:10:2:10:Infinity":8,"s:11:2:11:Infinity":9,"s:12:2:12:Infinity":10,"s:13:2:13:Infinity":11,"s:2:12:2:Infinity":12,"b:2:12:2:Infinity:2:12:2:Infinity":0,"s:53:7:53:Infinity":13,"f:53:7:53:12":1,"s:54:2:54:Infinity":14,"s:55:2:55:Infinity":15,"s:56:2:56:Infinity":16,"s:57:2:57:Infinity":17,"s:58:2:58:Infinity":18,"s:53:12:53:Infinity":19,"b:53:12:53:Infinity:53:12:53:Infinity":1}}}
,"/home/web3joker/Downloads/protobase/pages/ProjectWorkspacePage.tsx": {"path":"/home/web3joker/Downloads/protobase/pages/ProjectWorkspacePage.tsx","statementMap":{"0":{"start":{"line":13,"column":30},"end":{"line":13,"column":null}},"1":{"start":{"line":14,"column":30},"end":{"line":14,"column":null}},"2":{"start":{"line":15,"column":2},"end":{"line":27,"column":null}},"3":{"start":{"line":17,"column":4},"end":{"line":26,"column":null}},"4":{"start":{"line":18,"column":6},"end":{"line":25,"column":null}},"5":{"start":{"line":19,"column":14},"end":{"line":19,"column":null}},"6":{"start":{"line":20,"column":8},"end":{"line":20,"column":null}},"7":{"start":{"line":21,"column":8},"end":{"line":24,"column":null}},"8":{"start":{"line":22,"column":10},"end":{"line":22,"column":null}},"9":{"start":{"line":22,"column":48},"end":{"line":22,"column":83}},"10":{"start":{"line":23,"column":10},"end":{"line":23,"column":null}},"11":{"start":{"line":23,"column":25},"end":{"line":23,"column":null}},"12":{"start":{"line":28,"column":2},"end":{"line":28,"column":null}},"13":{"start":{"line":28,"column":25},"end":{"line":28,"column":null}},"14":{"start":{"line":29,"column":14},"end":{"line":29,"column":null}},"15":{"start":{"line":30,"column":2},"end":{"line":31,"column":null}},"16":{"start":{"line":30,"column":22},"end":{"line":30,"column":null}},"17":{"start":{"line":30,"column":30},"end":{"line":31,"column":null}},"18":{"start":{"line":31,"column":27},"end":{"line":31,"column":null}},"19":{"start":{"line":32,"column":2},"end":{"line":35,"column":null}},"20":{"start":{"line":40,"column":91},"end":{"line":40,"column":null}},"21":{"start":{"line":41,"column":26},"end":{"line":41,"column":null}},"22":{"start":{"line":41,"column":50},"end":{"line":41,"column":77}},"23":{"start":{"line":43,"column":36},"end":{"line":43,"column":null}},"24":{"start":{"line":45,"column":2},"end":{"line":54,"column":null}},"25":{"start":{"line":46,"column":4},"end":{"line":52,"column":null}},"26":{"start":{"line":56,"column":2},"end":{"line":97,"column":null}},"27":{"start":{"line":75,"column":12},"end":{"line":85,"column":null}},"28":{"start":{"line":77,"column":29},"end":{"line":77,"column":null}},"29":{"start":{"line":102,"column":23},"end":{"line":108,"column":null}},"30":{"start":{"line":110,"column":17},"end":{"line":110,"column":null}},"31":{"start":{"line":111,"column":2},"end":{"line":114,"column":null}},"32":{"start":{"line":119,"column":22},"end":{"line":119,"column":null}},"33":{"start":{"line":120,"column":2},"end":{"line":120,"column":null}},"34":{"start":{"line":120,"column":24},"end":{"line":120,"column":null}},"35":{"start":{"line":121,"column":2},"end":{"line":124,"column":null}},"36":{"start":{"line":129,"column":19},"end":{"line":129,"column":null}},"37":{"start":{"line":130,"column":2},"end":{"line":133,"column":null}},"38":{"start":{"line":138,"column":19},"end":{"line":144,"column":null}},"39":{"start":{"line":146,"column":23},"end":{"line":146,"column":null}},"40":{"start":{"line":148,"column":2},"end":{"line":162,"column":null}},"41":{"start":{"line":151,"column":8},"end":{"line":160,"column":null}},"42":{"start":{"line":167,"column":23},"end":{"line":167,"column":null}},"43":{"start":{"line":169,"column":30},"end":{"line":181,"column":null}},"44":{"start":{"line":170,"column":23},"end":{"line":176,"column":null}},"45":{"start":{"line":177,"column":25},"end":{"line":177,"column":null}},"46":{"start":{"line":178,"column":4},"end":{"line":180,"column":null}},"47":{"start":{"line":179,"column":6},"end":{"line":179,"column":null}},"48":{"start":{"line":183,"column":2},"end":{"line":263,"column":null}},"49":{"start":{"line":272,"column":17},"end":{"line":272,"column":null}},"50":{"start":{"line":273,"column":69},"end":{"line":273,"column":null}},"51":{"start":{"line":275,"column":2},"end":{"line":279,"column":null}},"52":{"start":{"line":276,"column":4},"end":{"line":278,"column":null}},"53":{"start":{"line":277,"column":6},"end":{"line":277,"column":null}},"54":{"start":{"line":281,"column":23},"end":{"line":281,"column":null}},"55":{"start":{"line":282,"column":22},"end":{"line":282,"column":null}},"56":{"start":{"line":283,"column":20},"end":{"line":283,"column":null}},"57":{"start":{"line":285,"column":22},"end":{"line":297,"column":null}},"58":{"start":{"line":286,"column":14},"end":{"line":286,"column":null}},"59":{"start":{"line":287,"column":4},"end":{"line":293,"column":null}},"60":{"start":{"line":288,"column":6},"end":{"line":288,"column":null}},"61":{"start":{"line":289,"column":4},"end":{"line":293,"column":null}},"62":{"start":{"line":290,"column":6},"end":{"line":290,"column":null}},"63":{"start":{"line":291,"column":4},"end":{"line":293,"column":null}},"64":{"start":{"line":292,"column":6},"end":{"line":292,"column":null}},"65":{"start":{"line":294,"column":4},"end":{"line":294,"column":null}},"66":{"start":{"line":295,"column":4},"end":{"line":295,"column":null}},"67":{"start":{"line":296,"column":4},"end":{"line":296,"column":null}},"68":{"start":{"line":296,"column":19},"end":{"line":296,"column":null}},"69":{"start":{"line":299,"column":16},"end":{"line":299,"column":null}},"70":{"start":{"line":301,"column":2},"end":{"line":314,"column":null}},"71":{"start":{"line":304,"column":31},"end":{"line":304,"column":55}},"72":{"start":{"line":305,"column":31},"end":{"line":305,"column":57}},"73":{"start":{"line":306,"column":31},"end":{"line":306,"column":52}},"74":{"start":{"line":319,"column":26},"end":{"line":319,"column":null}},"75":{"start":{"line":320,"column":46},"end":{"line":320,"column":null}},"76":{"start":{"line":321,"column":34},"end":{"line":321,"column":null}},"77":{"start":{"line":323,"column":31},"end":{"line":333,"column":null}},"78":{"start":{"line":324,"column":4},"end":{"line":324,"column":null}},"79":{"start":{"line":325,"column":21},"end":{"line":325,"column":null}},"80":{"start":{"line":325,"column":51},"end":{"line":325,"column":70}},"81":{"start":{"line":326,"column":4},"end":{"line":332,"column":null}},"82":{"start":{"line":327,"column":6},"end":{"line":327,"column":null}},"83":{"start":{"line":328,"column":6},"end":{"line":331,"column":null}},"84":{"start":{"line":335,"column":2},"end":{"line":376,"column":null}},"85":{"start":{"line":341,"column":12},"end":{"line":358,"column":null}},"86":{"start":{"line":343,"column":29},"end":{"line":343,"column":null}},"87":{"start":{"line":369,"column":14},"end":{"line":369,"column":null}},"88":{"start":{"line":370,"column":14},"end":{"line":370,"column":null}},"89":{"start":{"line":381,"column":26},"end":{"line":381,"column":null}},"90":{"start":{"line":382,"column":46},"end":{"line":382,"column":null}},"91":{"start":{"line":384,"column":31},"end":{"line":393,"column":null}},"92":{"start":{"line":385,"column":4},"end":{"line":385,"column":null}},"93":{"start":{"line":386,"column":21},"end":{"line":386,"column":null}},"94":{"start":{"line":386,"column":51},"end":{"line":386,"column":70}},"95":{"start":{"line":387,"column":4},"end":{"line":392,"column":null}},"96":{"start":{"line":388,"column":6},"end":{"line":391,"column":null}},"97":{"start":{"line":395,"column":31},"end":{"line":395,"column":null}},"98":{"start":{"line":395,"column":61},"end":{"line":395,"column":86}},"99":{"start":{"line":397,"column":2},"end":{"line":443,"column":null}},"100":{"start":{"line":403,"column":12},"end":{"line":421,"column":null}},"101":{"start":{"line":405,"column":29},"end":{"line":405,"column":null}},"102":{"start":{"line":416,"column":18},"end":{"line":418,"column":null}},"103":{"start":{"line":431,"column":14},"end":{"line":438,"column":null}},"104":{"start":{"line":448,"column":40},"end":{"line":448,"column":null}},"105":{"start":{"line":449,"column":33},"end":{"line":449,"column":null}},"106":{"start":{"line":450,"column":36},"end":{"line":450,"column":null}},"107":{"start":{"line":451,"column":44},"end":{"line":451,"column":null}},"108":{"start":{"line":453,"column":23},"end":{"line":484,"column":null}},"109":{"start":{"line":454,"column":4},"end":{"line":457,"column":null}},"110":{"start":{"line":455,"column":6},"end":{"line":455,"column":null}},"111":{"start":{"line":456,"column":6},"end":{"line":456,"column":null}},"112":{"start":{"line":459,"column":4},"end":{"line":459,"column":null}},"113":{"start":{"line":460,"column":4},"end":{"line":460,"column":null}},"114":{"start":{"line":462,"column":4},"end":{"line":483,"column":null}},"115":{"start":{"line":463,"column":21},"end":{"line":466,"column":null}},"116":{"start":{"line":468,"column":6},"end":{"line":478,"column":null}},"117":{"start":{"line":469,"column":8},"end":{"line":473,"column":null}},"118":{"start":{"line":474,"column":8},"end":{"line":474,"column":null}},"119":{"start":{"line":475,"column":8},"end":{"line":475,"column":null}},"120":{"start":{"line":477,"column":8},"end":{"line":477,"column":null}},"121":{"start":{"line":480,"column":6},"end":{"line":480,"column":null}},"122":{"start":{"line":482,"column":6},"end":{"line":482,"column":null}},"123":{"start":{"line":486,"column":2},"end":{"line":554,"column":null}}},"fnMap":{"0":{"name":"CoverageBadge","decl":{"start":{"line":12,"column":9},"end":{"line":12,"column":25}},"loc":{"start":{"line":12,"column":25},"end":{"line":37,"column":null}},"line":12},"1":{"name":"(anonymous_1)","decl":{"start":{"line":15,"column":20},"end":{"line":15,"column":26}},"loc":{"start":{"line":15,"column":26},"end":{"line":27,"column":5}},"line":15},"2":{"name":"(anonymous_2)","decl":{"start":{"line":17,"column":5},"end":{"line":17,"column":17}},"loc":{"start":{"line":17,"column":17},"end":{"line":26,"column":7}},"line":17},"3":{"name":"(anonymous_3)","decl":{"start":{"line":22,"column":36},"end":{"line":22,"column":37}},"loc":{"start":{"line":22,"column":48},"end":{"line":22,"column":83}},"line":22},"4":{"name":"ProjectWorkspacePage","decl":{"start":{"line":39,"column":16},"end":{"line":39,"column":39}},"loc":{"start":{"line":39,"column":39},"end":{"line":99,"column":null}},"line":39},"5":{"name":"(anonymous_5)","decl":{"start":{"line":41,"column":42},"end":{"line":41,"column":43}},"loc":{"start":{"line":41,"column":50},"end":{"line":41,"column":77}},"line":41},"6":{"name":"(anonymous_6)","decl":{"start":{"line":74,"column":62},"end":{"line":74,"column":63}},"loc":{"start":{"line":75,"column":12},"end":{"line":85,"column":null}},"line":75},"7":{"name":"(anonymous_7)","decl":{"start":{"line":77,"column":23},"end":{"line":77,"column":29}},"loc":{"start":{"line":77,"column":29},"end":{"line":77,"column":null}},"line":77},"8":{"name":"StatusBadge","decl":{"start":{"line":101,"column":9},"end":{"line":101,"column":21}},"loc":{"start":{"line":101,"column":60},"end":{"line":116,"column":null}},"line":101},"9":{"name":"StreakBadge","decl":{"start":{"line":118,"column":9},"end":{"line":118,"column":23}},"loc":{"start":{"line":118,"column":23},"end":{"line":126,"column":null}},"line":118},"10":{"name":"XPBadge","decl":{"start":{"line":128,"column":9},"end":{"line":128,"column":19}},"loc":{"start":{"line":128,"column":19},"end":{"line":135,"column":null}},"line":128},"11":{"name":"ProjectStatusFlow","decl":{"start":{"line":137,"column":9},"end":{"line":137,"column":27}},"loc":{"start":{"line":137,"column":80},"end":{"line":164,"column":null}},"line":137},"12":{"name":"(anonymous_12)","decl":{"start":{"line":150,"column":20},"end":{"line":150,"column":21}},"loc":{"start":{"line":151,"column":8},"end":{"line":160,"column":null}},"line":151},"13":{"name":"OverviewTab","decl":{"start":{"line":166,"column":9},"end":{"line":166,"column":21}},"loc":{"start":{"line":166,"column":69},"end":{"line":265,"column":null}},"line":166},"14":{"name":"(anonymous_14)","decl":{"start":{"line":169,"column":30},"end":{"line":169,"column":36}},"loc":{"start":{"line":169,"column":36},"end":{"line":181,"column":null}},"line":169},"15":{"name":"ShareButton","decl":{"start":{"line":271,"column":9},"end":{"line":271,"column":21}},"loc":{"start":{"line":271,"column":69},"end":{"line":316,"column":null}},"line":271},"16":{"name":"(anonymous_16)","decl":{"start":{"line":275,"column":18},"end":{"line":275,"column":24}},"loc":{"start":{"line":275,"column":24},"end":{"line":279,"column":5}},"line":275},"17":{"name":"(anonymous_17)","decl":{"start":{"line":285,"column":22},"end":{"line":285,"column":23}},"loc":{"start":{"line":285,"column":70},"end":{"line":297,"column":null}},"line":285},"18":{"name":"(anonymous_18)","decl":{"start":{"line":304,"column":25},"end":{"line":304,"column":31}},"loc":{"start":{"line":304,"column":31},"end":{"line":304,"column":55}},"line":304},"19":{"name":"(anonymous_19)","decl":{"start":{"line":305,"column":25},"end":{"line":305,"column":31}},"loc":{"start":{"line":305,"column":31},"end":{"line":305,"column":57}},"line":305},"20":{"name":"(anonymous_20)","decl":{"start":{"line":306,"column":25},"end":{"line":306,"column":31}},"loc":{"start":{"line":306,"column":31},"end":{"line":306,"column":52}},"line":306},"21":{"name":"ContractTab","decl":{"start":{"line":318,"column":9},"end":{"line":318,"column":21}},"loc":{"start":{"line":318,"column":69},"end":{"line":378,"column":null}},"line":318},"22":{"name":"(anonymous_22)","decl":{"start":{"line":323,"column":31},"end":{"line":323,"column":32}},"loc":{"start":{"line":323,"column":55},"end":{"line":333,"column":null}},"line":323},"23":{"name":"(anonymous_23)","decl":{"start":{"line":325,"column":44},"end":{"line":325,"column":45}},"loc":{"start":{"line":325,"column":51},"end":{"line":325,"column":70}},"line":325},"24":{"name":"(anonymous_24)","decl":{"start":{"line":340,"column":33},"end":{"line":340,"column":34}},"loc":{"start":{"line":341,"column":12},"end":{"line":358,"column":null}},"line":341},"25":{"name":"(anonymous_25)","decl":{"start":{"line":343,"column":23},"end":{"line":343,"column":29}},"loc":{"start":{"line":343,"column":29},"end":{"line":343,"column":null}},"line":343},"26":{"name":"(anonymous_26)","decl":{"start":{"line":368,"column":22},"end":{"line":368,"column":23}},"loc":{"start":{"line":368,"column":29},"end":{"line":371,"column":null}},"line":368},"27":{"name":"FrontendTab","decl":{"start":{"line":380,"column":9},"end":{"line":380,"column":21}},"loc":{"start":{"line":380,"column":69},"end":{"line":445,"column":null}},"line":380},"28":{"name":"(anonymous_28)","decl":{"start":{"line":384,"column":31},"end":{"line":384,"column":32}},"loc":{"start":{"line":384,"column":55},"end":{"line":393,"column":null}},"line":384},"29":{"name":"(anonymous_29)","decl":{"start":{"line":386,"column":44},"end":{"line":386,"column":45}},"loc":{"start":{"line":386,"column":51},"end":{"line":386,"column":70}},"line":386},"30":{"name":"(anonymous_30)","decl":{"start":{"line":395,"column":54},"end":{"line":395,"column":55}},"loc":{"start":{"line":395,"column":61},"end":{"line":395,"column":86}},"line":395},"31":{"name":"(anonymous_31)","decl":{"start":{"line":402,"column":33},"end":{"line":402,"column":34}},"loc":{"start":{"line":403,"column":12},"end":{"line":421,"column":null}},"line":403},"32":{"name":"(anonymous_32)","decl":{"start":{"line":405,"column":23},"end":{"line":405,"column":29}},"loc":{"start":{"line":405,"column":29},"end":{"line":405,"column":null}},"line":405},"33":{"name":"(anonymous_33)","decl":{"start":{"line":415,"column":40},"end":{"line":415,"column":41}},"loc":{"start":{"line":416,"column":18},"end":{"line":418,"column":null}},"line":416},"34":{"name":"(anonymous_34)","decl":{"start":{"line":430,"column":59},"end":{"line":430,"column":60}},"loc":{"start":{"line":431,"column":14},"end":{"line":438,"column":null}},"line":431},"35":{"name":"DeployTab","decl":{"start":{"line":447,"column":9},"end":{"line":447,"column":19}},"loc":{"start":{"line":447,"column":67},"end":{"line":556,"column":null}},"line":447},"36":{"name":"(anonymous_36)","decl":{"start":{"line":453,"column":23},"end":{"line":453,"column":35}},"loc":{"start":{"line":453,"column":35},"end":{"line":484,"column":null}},"line":453}},"branchMap":{"0":{"loc":{"start":{"line":21,"column":8},"end":{"line":24,"column":null}},"type":"if","locations":[{"start":{"line":21,"column":8},"end":{"line":24,"column":null}},{"start":{},"end":{}}],"line":21},"1":{"loc":{"start":{"line":21,"column":12},"end":{"line":21,"column":49}},"type":"binary-expr","locations":[{"start":{"line":21,"column":12},"end":{"line":21,"column":19}},{"start":{"line":21,"column":19},"end":{"line":21,"column":32}},{"start":{"line":21,"column":32},"end":{"line":21,"column":49}}],"line":21},"2":{"loc":{"start":{"line":23,"column":10},"end":{"line":23,"column":null}},"type":"if","locations":[{"start":{"line":23,"column":10},"end":{"line":23,"column":null}},{"start":{},"end":{}}],"line":23},"3":{"loc":{"start":{"line":28,"column":2},"end":{"line":28,"column":null}},"type":"if","locations":[{"start":{"line":28,"column":2},"end":{"line":28,"column":null}},{"start":{},"end":{}}],"line":28},"4":{"loc":{"start":{"line":30,"column":2},"end":{"line":31,"column":null}},"type":"if","locations":[{"start":{"line":30,"column":2},"end":{"line":31,"column":null}},{"start":{"line":30,"column":30},"end":{"line":31,"column":null}}],"line":30},"5":{"loc":{"start":{"line":30,"column":30},"end":{"line":31,"column":null}},"type":"if","locations":[{"start":{"line":30,"column":30},"end":{"line":31,"column":null}},{"start":{},"end":{}}],"line":30},"6":{"loc":{"start":{"line":45,"column":2},"end":{"line":54,"column":null}},"type":"if","locations":[{"start":{"line":45,"column":2},"end":{"line":54,"column":null}},{"start":{},"end":{}}],"line":45},"7":{"loc":{"start":{"line":79,"column":16},"end":{"line":81,"column":null}},"type":"cond-expr","locations":[{"start":{"line":80,"column":20},"end":{"line":80,"column":null}},{"start":{"line":81,"column":20},"end":{"line":81,"column":null}}],"line":79},"8":{"loc":{"start":{"line":92,"column":9},"end":{"line":92,"column":null}},"type":"binary-expr","locations":[{"start":{"line":92,"column":9},"end":{"line":92,"column":39}},{"start":{"line":92,"column":39},"end":{"line":92,"column":null}}],"line":92},"9":{"loc":{"start":{"line":93,"column":9},"end":{"line":93,"column":null}},"type":"binary-expr","locations":[{"start":{"line":93,"column":9},"end":{"line":93,"column":39}},{"start":{"line":93,"column":39},"end":{"line":93,"column":null}}],"line":93},"10":{"loc":{"start":{"line":94,"column":9},"end":{"line":94,"column":null}},"type":"binary-expr","locations":[{"start":{"line":94,"column":9},"end":{"line":94,"column":39}},{"start":{"line":94,"column":39},"end":{"line":94,"column":null}}],"line":94},"11":{"loc":{"start":{"line":95,"column":9},"end":{"line":95,"column":null}},"type":"binary-expr","locations":[{"start":{"line":95,"column":9},"end":{"line":95,"column":37}},{"start":{"line":95,"column":37},"end":{"line":95,"column":null}}],"line":95},"12":{"loc":{"start":{"line":120,"column":2},"end":{"line":120,"column":null}},"type":"if","locations":[{"start":{"line":120,"column":2},"end":{"line":120,"column":null}},{"start":{},"end":{}}],"line":120},"13":{"loc":{"start":{"line":154,"column":14},"end":{"line":154,"column":null}},"type":"cond-expr","locations":[{"start":{"line":154,"column":38},"end":{"line":154,"column":54}},{"start":{"line":154,"column":54},"end":{"line":154,"column":null}}],"line":154},"14":{"loc":{"start":{"line":157,"column":11},"end":{"line":158,"column":null}},"type":"binary-expr","locations":[{"start":{"line":157,"column":11},"end":{"line":157,"column":null}},{"start":{"line":158,"column":12},"end":{"line":158,"column":null}}],"line":157},"15":{"loc":{"start":{"line":158,"column":39},"end":{"line":158,"column":91}},"type":"cond-expr","locations":[{"start":{"line":158,"column":62},"end":{"line":158,"column":78}},{"start":{"line":158,"column":78},"end":{"line":158,"column":91}}],"line":158},"16":{"loc":{"start":{"line":178,"column":4},"end":{"line":180,"column":null}},"type":"if","locations":[{"start":{"line":178,"column":4},"end":{"line":180,"column":null}},{"start":{},"end":{}}],"line":178},"17":{"loc":{"start":{"line":198,"column":40},"end":{"line":198,"column":87}},"type":"binary-expr","locations":[{"start":{"line":198,"column":40},"end":{"line":198,"column":72}},{"start":{"line":198,"column":72},"end":{"line":198,"column":87}}],"line":198},"18":{"loc":{"start":{"line":202,"column":40},"end":{"line":202,"column":87}},"type":"binary-expr","locations":[{"start":{"line":202,"column":40},"end":{"line":202,"column":72}},{"start":{"line":202,"column":72},"end":{"line":202,"column":87}}],"line":202},"19":{"loc":{"start":{"line":234,"column":7},"end":{"line":247,"column":null}},"type":"binary-expr","locations":[{"start":{"line":234,"column":7},"end":{"line":234,"column":null}},{"start":{"line":235,"column":8},"end":{"line":247,"column":null}}],"line":234},"20":{"loc":{"start":{"line":276,"column":4},"end":{"line":278,"column":null}},"type":"if","locations":[{"start":{"line":276,"column":4},"end":{"line":278,"column":null}},{"start":{},"end":{}}],"line":276},"21":{"loc":{"start":{"line":281,"column":23},"end":{"line":281,"column":null}},"type":"binary-expr","locations":[{"start":{"line":281,"column":23},"end":{"line":281,"column":49}},{"start":{"line":281,"column":49},"end":{"line":281,"column":null}}],"line":281},"22":{"loc":{"start":{"line":287,"column":4},"end":{"line":293,"column":null}},"type":"if","locations":[{"start":{"line":287,"column":4},"end":{"line":293,"column":null}},{"start":{"line":289,"column":4},"end":{"line":293,"column":null}}],"line":287},"23":{"loc":{"start":{"line":289,"column":4},"end":{"line":293,"column":null}},"type":"if","locations":[{"start":{"line":289,"column":4},"end":{"line":293,"column":null}},{"start":{"line":291,"column":4},"end":{"line":293,"column":null}}],"line":289},"24":{"loc":{"start":{"line":291,"column":4},"end":{"line":293,"column":null}},"type":"if","locations":[{"start":{"line":291,"column":4},"end":{"line":293,"column":null}},{"start":{},"end":{}}],"line":291},"25":{"loc":{"start":{"line":296,"column":4},"end":{"line":296,"column":null}},"type":"if","locations":[{"start":{"line":296,"column":4},"end":{"line":296,"column":null}},{"start":{},"end":{}}],"line":296},"26":{"loc":{"start":{"line":320,"column":59},"end":{"line":320,"column":93}},"type":"binary-expr","locations":[{"start":{"line":320,"column":59},"end":{"line":320,"column":91}},{"start":{"line":320,"column":91},"end":{"line":320,"column":93}}],"line":320},"27":{"loc":{"start":{"line":321,"column":47},"end":{"line":321,"column":75}},"type":"binary-expr","locations":[{"start":{"line":321,"column":47},"end":{"line":321,"column":73}},{"start":{"line":321,"column":73},"end":{"line":321,"column":75}}],"line":321},"28":{"loc":{"start":{"line":326,"column":4},"end":{"line":332,"column":null}},"type":"if","locations":[{"start":{"line":326,"column":4},"end":{"line":332,"column":null}},{"start":{},"end":{}}],"line":326},"29":{"loc":{"start":{"line":345,"column":16},"end":{"line":347,"column":null}},"type":"cond-expr","locations":[{"start":{"line":346,"column":20},"end":{"line":346,"column":null}},{"start":{"line":347,"column":20},"end":{"line":347,"column":null}}],"line":345},"30":{"loc":{"start":{"line":352,"column":17},"end":{"line":353,"column":null}},"type":"binary-expr","locations":[{"start":{"line":352,"column":17},"end":{"line":352,"column":null}},{"start":{"line":353,"column":18},"end":{"line":353,"column":null}}],"line":352},"31":{"loc":{"start":{"line":363,"column":7},"end":{"line":374,"column":null}},"type":"binary-expr","locations":[{"start":{"line":363,"column":7},"end":{"line":363,"column":null}},{"start":{"line":364,"column":8},"end":{"line":374,"column":null}}],"line":363},"32":{"loc":{"start":{"line":382,"column":59},"end":{"line":382,"column":93}},"type":"binary-expr","locations":[{"start":{"line":382,"column":59},"end":{"line":382,"column":91}},{"start":{"line":382,"column":91},"end":{"line":382,"column":93}}],"line":382},"33":{"loc":{"start":{"line":387,"column":4},"end":{"line":392,"column":null}},"type":"if","locations":[{"start":{"line":387,"column":4},"end":{"line":392,"column":null}},{"start":{},"end":{}}],"line":387},"34":{"loc":{"start":{"line":407,"column":16},"end":{"line":409,"column":null}},"type":"cond-expr","locations":[{"start":{"line":408,"column":20},"end":{"line":408,"column":null}},{"start":{"line":409,"column":20},"end":{"line":409,"column":null}}],"line":407},"35":{"loc":{"start":{"line":426,"column":7},"end":{"line":441,"column":null}},"type":"binary-expr","locations":[{"start":{"line":426,"column":7},"end":{"line":426,"column":null}},{"start":{"line":427,"column":8},"end":{"line":441,"column":null}}],"line":426},"36":{"loc":{"start":{"line":454,"column":4},"end":{"line":457,"column":null}},"type":"if","locations":[{"start":{"line":454,"column":4},"end":{"line":457,"column":null}},{"start":{},"end":{}}],"line":454},"37":{"loc":{"start":{"line":468,"column":6},"end":{"line":478,"column":null}},"type":"if","locations":[{"start":{"line":468,"column":6},"end":{"line":478,"column":null}},{"start":{"line":476,"column":13},"end":{"line":478,"column":null}}],"line":468},"38":{"loc":{"start":{"line":468,"column":10},"end":{"line":468,"column":61}},"type":"binary-expr","locations":[{"start":{"line":468,"column":10},"end":{"line":468,"column":28}},{"start":{"line":468,"column":28},"end":{"line":468,"column":46}},{"start":{"line":468,"column":46},"end":{"line":468,"column":61}}],"line":468},"39":{"loc":{"start":{"line":477,"column":27},"end":{"line":477,"column":62}},"type":"binary-expr","locations":[{"start":{"line":477,"column":27},"end":{"line":477,"column":43}},{"start":{"line":477,"column":43},"end":{"line":477,"column":62}}],"line":477},"40":{"loc":{"start":{"line":480,"column":25},"end":{"line":480,"column":57}},"type":"binary-expr","locations":[{"start":{"line":480,"column":25},"end":{"line":480,"column":42}},{"start":{"line":480,"column":42},"end":{"line":480,"column":57}}],"line":480},"41":{"loc":{"start":{"line":497,"column":9},"end":{"line":500,"column":null}},"type":"binary-expr","locations":[{"start":{"line":497,"column":9},"end":{"line":497,"column":null}},{"start":{"line":498,"column":10},"end":{"line":500,"column":null}}],"line":497},"42":{"loc":{"start":{"line":506,"column":43},"end":{"line":506,"column":82}},"type":"binary-expr","locations":[{"start":{"line":506,"column":43},"end":{"line":506,"column":75}},{"start":{"line":506,"column":75},"end":{"line":506,"column":82}}],"line":506},"43":{"loc":{"start":{"line":520,"column":20},"end":{"line":520,"column":null}},"type":"binary-expr","locations":[{"start":{"line":520,"column":20},"end":{"line":520,"column":35}},{"start":{"line":520,"column":35},"end":{"line":520,"column":null}}],"line":520},"44":{"loc":{"start":{"line":523,"column":11},"end":{"line":523,"column":null}},"type":"cond-expr","locations":[{"start":{"line":523,"column":25},"end":{"line":523,"column":45}},{"start":{"line":523,"column":45},"end":{"line":523,"column":null}}],"line":523},"45":{"loc":{"start":{"line":527,"column":7},"end":{"line":552,"column":null}},"type":"binary-expr","locations":[{"start":{"line":527,"column":7},"end":{"line":527,"column":null}},{"start":{"line":528,"column":8},"end":{"line":552,"column":null}}],"line":527}},"s":{"0":0,"1":0,"2":0,"3":0,"4":0,"5":0,"6":0,"7":0,"8":0,"9":0,"10":0,"11":0,"12":0,"13":0,"14":0,"15":0,"16":0,"17":0,"18":0,"19":0,"20":1,"21":1,"22":0,"23":1,"24":1,"25":1,"26":0,"27":0,"28":0,"29":0,"30":0,"31":0,"32":0,"33":0,"34":0,"35":0,"36":0,"37":0,"38":0,"39":0,"40":0,"41":0,"42":0,"43":0,"44":0,"45":0,"46":0,"47":0,"48":0,"49":0,"50":0,"51":0,"52":0,"53":0,"54":0,"55":0,"56":0,"57":0,"58":0,"59":0,"60":0,"61":0,"62":0,"63":0,"64":0,"65":0,"66":0,"67":0,"68":0,"69":0,"70":0,"71":0,"72":0,"73":0,"74":0,"75":0,"76":0,"77":0,"78":0,"79":0,"80":0,"81":0,"82":0,"83":0,"84":0,"85":0,"86":0,"87":0,"88":0,"89":0,"90":0,"91":0,"92":0,"93":0,"94":0,"95":0,"96":0,"97":0,"98":0,"99":0,"100":0,"101":0,"102":0,"103":0,"104":0,"105":0,"106":0,"107":0,"108":0,"109":0,"110":0,"111":0,"112":0,"113":0,"114":0,"115":0,"116":0,"117":0,"118":0,"119":0,"120":0,"121":0,"122":0,"123":0},"f":{"0":0,"1":0,"2":0,"3":0,"4":1,"5":0,"6":0,"7":0,"8":0,"9":0,"10":0,"11":0,"12":0,"13":0,"14":0,"15":0,"16":0,"17":0,"18":0,"19":0,"20":0,"21":0,"22":0,"23":0,"24":0,"25":0,"26":0,"27":0,"28":0,"29":0,"30":0,"31":0,"32":0,"33":0,"34":0,"35":0,"36":0},"b":{"0":[0,0],"1":[0,0,0],"2":[0,0],"3":[0,0],"4":[0,0],"5":[0,0],"6":[1,0],"7":[0,0],"8":[0,0],"9":[1,0],"10":[1,0],"11":[1,0],"12":[0,0],"13":[0,0],"14":[0,0],"15":[0,0],"16":[0,0],"17":[0,0],"18":[0,0],"19":[0,0],"20":[0,0],"21":[0,0],"22":[0,0],"23":[0,0],"24":[0,0],"25":[0,0],"26":[0,0],"27":[0,0],"28":[0,0],"29":[0,0],"30":[0,0],"31":[0,0],"32":[0,0],"33":[0,0],"34":[0,0],"35":[0,0],"36":[0,0],"37":[0,0],"38":[0,0,0],"39":[0,0],"40":[0,0],"41":[0,0],"42":[0,0],"43":[0,0],"44":[0,0],"45":[0,0]},"meta":{"lastBranch":46,"lastFunction":37,"lastStatement":124,"seen":{"f:12:9:12:25":0,"s:13:30:13:Infinity":0,"s:14:30:14:Infinity":1,"s:15:2:27:Infinity":2,"f:15:20:15:26":1,"s:17:4:26:Infinity":3,"f:17:5:17:17":2,"s:18:6:25:Infinity":4,"s:19:14:19:Infinity":5,"s:20:8:20:Infinity":6,"b:21:8:24:Infinity:undefined:undefined:undefined:undefined":0,"s:21:8:24:Infinity":7,"b:21:12:21:19:21:19:21:32:21:32:21:49":1,"s:22:10:22:Infinity":8,"f:22:36:22:37":3,"s:22:48:22:83":9,"b:23:10:23:Infinity:undefined:undefined:undefined:undefined":2,"s:23:10:23:Infinity":10,"s:23:25:23:Infinity":11,"b:28:2:28:Infinity:undefined:undefined:undefined:undefined":3,"s:28:2:28:Infinity":12,"s:28:25:28:Infinity":13,"s:29:14:29:Infinity":14,"b:30:2:31:Infinity:30:30:31:Infinity":4,"s:30:2:31:Infinity":15,"s:30:22:30:Infinity":16,"b:30:30:31:Infinity:undefined:undefined:undefined:undefined":5,"s:30:30:31:Infinity":17,"s:31:27:31:Infinity":18,"s:32:2:35:Infinity":19,"f:39:16:39:39":4,"s:40:91:40:Infinity":20,"s:41:26:41:Infinity":21,"f:41:42:41:43":5,"s:41:50:41:77":22,"s:43:36:43:Infinity":23,"b:45:2:54:Infinity:undefined:undefined:undefined:undefined":6,"s:45:2:54:Infinity":24,"s:46:4:52:Infinity":25,"s:56:2:97:Infinity":26,"f:74:62:74:63":6,"s:75:12:85:Infinity":27,"f:77:23:77:29":7,"s:77:29:77:Infinity":28,"b:80:20:80:Infinity:81:20:81:Infinity":7,"b:92:9:92:39:92:39:92:Infinity":8,"b:93:9:93:39:93:39:93:Infinity":9,"b:94:9:94:39:94:39:94:Infinity":10,"b:95:9:95:37:95:37:95:Infinity":11,"f:101:9:101:21":8,"s:102:23:108:Infinity":29,"s:110:17:110:Infinity":30,"s:111:2:114:Infinity":31,"f:118:9:118:23":9,"s:119:22:119:Infinity":32,"b:120:2:120:Infinity:undefined:undefined:undefined:undefined":12,"s:120:2:120:Infinity":33,"s:120:24:120:Infinity":34,"s:121:2:124:Infinity":35,"f:128:9:128:19":10,"s:129:19:129:Infinity":36,"s:130:2:133:Infinity":37,"f:137:9:137:27":11,"s:138:19:144:Infinity":38,"s:146:23:146:Infinity":39,"s:148:2:162:Infinity":40,"f:150:20:150:21":12,"s:151:8:160:Infinity":41,"b:154:38:154:54:154:54:154:Infinity":13,"b:157:11:157:Infinity:158:12:158:Infinity":14,"b:158:62:158:78:158:78:158:91":15,"f:166:9:166:21":13,"s:167:23:167:Infinity":42,"s:169:30:181:Infinity":43,"f:169:30:169:36":14,"s:170:23:176:Infinity":44,"s:177:25:177:Infinity":45,"b:178:4:180:Infinity:undefined:undefined:undefined:undefined":16,"s:178:4:180:Infinity":46,"s:179:6:179:Infinity":47,"s:183:2:263:Infinity":48,"b:198:40:198:72:198:72:198:87":17,"b:202:40:202:72:202:72:202:87":18,"b:234:7:234:Infinity:235:8:247:Infinity":19,"f:271:9:271:21":15,"s:272:17:272:Infinity":49,"s:273:69:273:Infinity":50,"s:275:2:279:Infinity":51,"f:275:18:275:24":16,"b:276:4:278:Infinity:undefined:undefined:undefined:undefined":20,"s:276:4:278:Infinity":52,"s:277:6:277:Infinity":53,"s:281:23:281:Infinity":54,"b:281:23:281:49:281:49:281:Infinity":21,"s:282:22:282:Infinity":55,"s:283:20:283:Infinity":56,"s:285:22:297:Infinity":57,"f:285:22:285:23":17,"s:286:14:286:Infinity":58,"b:287:4:293:Infinity:289:4:293:Infinity":22,"s:287:4:293:Infinity":59,"s:288:6:288:Infinity":60,"b:289:4:293:Infinity:291:4:293:Infinity":23,"s:289:4:293:Infinity":61,"s:290:6:290:Infinity":62,"b:291:4:293:Infinity:undefined:undefined:undefined:undefined":24,"s:291:4:293:Infinity":63,"s:292:6:292:Infinity":64,"s:294:4:294:Infinity":65,"s:295:4:295:Infinity":66,"b:296:4:296:Infinity:undefined:undefined:undefined:undefined":25,"s:296:4:296:Infinity":67,"s:296:19:296:Infinity":68,"s:299:16:299:Infinity":69,"s:301:2:314:Infinity":70,"f:304:25:304:31":18,"s:304:31:304:55":71,"f:305:25:305:31":19,"s:305:31:305:57":72,"f:306:25:306:31":20,"s:306:31:306:52":73,"f:318:9:318:21":21,"s:319:26:319:Infinity":74,"s:320:46:320:Infinity":75,"b:320:59:320:91:320:91:320:93":26,"s:321:34:321:Infinity":76,"b:321:47:321:73:321:73:321:75":27,"s:323:31:333:Infinity":77,"f:323:31:323:32":22,"s:324:4:324:Infinity":78,"s:325:21:325:Infinity":79,"f:325:44:325:45":23,"s:325:51:325:70":80,"b:326:4:332:Infinity:undefined:undefined:undefined:undefined":28,"s:326:4:332:Infinity":81,"s:327:6:327:Infinity":82,"s:328:6:331:Infinity":83,"s:335:2:376:Infinity":84,"f:340:33:340:34":24,"s:341:12:358:Infinity":85,"f:343:23:343:29":25,"s:343:29:343:Infinity":86,"b:346:20:346:Infinity:347:20:347:Infinity":29,"b:352:17:352:Infinity:353:18:353:Infinity":30,"b:363:7:363:Infinity:364:8:374:Infinity":31,"f:368:22:368:23":26,"s:369:14:369:Infinity":87,"s:370:14:370:Infinity":88,"f:380:9:380:21":27,"s:381:26:381:Infinity":89,"s:382:46:382:Infinity":90,"b:382:59:382:91:382:91:382:93":32,"s:384:31:393:Infinity":91,"f:384:31:384:32":28,"s:385:4:385:Infinity":92,"s:386:21:386:Infinity":93,"f:386:44:386:45":29,"s:386:51:386:70":94,"b:387:4:392:Infinity:undefined:undefined:undefined:undefined":33,"s:387:4:392:Infinity":95,"s:388:6:391:Infinity":96,"s:395:31:395:Infinity":97,"f:395:54:395:55":30,"s:395:61:395:86":98,"s:397:2:443:Infinity":99,"f:402:33:402:34":31,"s:403:12:421:Infinity":100,"f:405:23:405:29":32,"s:405:29:405:Infinity":101,"b:408:20:408:Infinity:409:20:409:Infinity":34,"f:415:40:415:41":33,"s:416:18:418:Infinity":102,"b:426:7:426:Infinity:427:8:441:Infinity":35,"f:430:59:430:60":34,"s:431:14:438:Infinity":103,"f:447:9:447:19":35,"s:448:40:448:Infinity":104,"s:449:33:449:Infinity":105,"s:450:36:450:Infinity":106,"s:451:44:451:Infinity":107,"s:453:23:484:Infinity":108,"f:453:23:453:35":36,"b:454:4:457:Infinity:undefined:undefined:undefined:undefined":36,"s:454:4:457:Infinity":109,"s:455:6:455:Infinity":110,"s:456:6:456:Infinity":111,"s:459:4:459:Infinity":112,"s:460:4:460:Infinity":113,"s:462:4:483:Infinity":114,"s:463:21:466:Infinity":115,"b:468:6:478:Infinity:476:13:478:Infinity":37,"s:468:6:478:Infinity":116,"b:468:10:468:28:468:28:468:46:468:46:468:61":38,"s:469:8:473:Infinity":117,"s:474:8:474:Infinity":118,"s:475:8:475:Infinity":119,"s:477:8:477:Infinity":120,"b:477:27:477:43:477:43:477:62":39,"s:480:6:480:Infinity":121,"b:480:25:480:42:480:42:480:57":40,"s:482:6:482:Infinity":122,"s:486:2:554:Infinity":123,"b:497:9:497:Infinity:498:10:500:Infinity":41,"b:506:43:506:75:506:75:506:82":42,"b:520:20:520:35:520:35:520:Infinity":43,"b:523:25:523:45:523:45:523:Infinity":44,"b:527:7:527:Infinity:528:8:552:Infinity":45}}}
,"/home/web3joker/Downloads/protobase/src/lib/coverageUtils.ts": {"path":"/home/web3joker/Downloads/protobase/src/lib/coverageUtils.ts","statementMap":{"0":{"start":{"line":5,"column":2},"end":{"line":11,"column":null}},"1":{"start":{"line":6,"column":20},"end":{"line":6,"column":null}},"2":{"start":{"line":7,"column":18},"end":{"line":7,"column":null}},"3":{"start":{"line":8,"column":4},"end":{"line":8,"column":null}},"4":{"start":{"line":10,"column":4},"end":{"line":10,"column":null}}},"fnMap":{"0":{"name":"getCoveragePercent","decl":{"start":{"line":4,"column":16},"end":{"line":4,"column":37}},"loc":{"start":{"line":4,"column":37},"end":{"line":12,"column":null}},"line":4}},"branchMap":{},"s":{"0":0,"1":0,"2":0,"3":0,"4":0},"f":{"0":0},"b":{},"meta":{"lastBranch":0,"lastFunction":1,"lastStatement":5,"seen":{"f:4:16:4:37":0,"s:5:2:11:Infinity":0,"s:6:20:6:Infinity":1,"s:7:18:7:Infinity":2,"s:8:4:8:Infinity":3,"s:10:4:10:Infinity":4}}}
,"/home/web3joker/Downloads/protobase/src/services/deploymentService.ts": {"path":"/home/web3joker/Downloads/protobase/src/services/deploymentService.ts","statementMap":{"0":{"start":{"line":26,"column":2},"end":{"line":101,"column":null}},"1":{"start":{"line":28,"column":4},"end":{"line":33,"column":null}},"2":{"start":{"line":29,"column":6},"end":{"line":32,"column":null}},"3":{"start":{"line":36,"column":10},"end":{"line":39,"column":null}},"4":{"start":{"line":41,"column":10},"end":{"line":44,"column":null}},"5":{"start":{"line":47,"column":22},"end":{"line":47,"column":null}},"6":{"start":{"line":49,"column":4},"end":{"line":54,"column":null}},"7":{"start":{"line":50,"column":6},"end":{"line":53,"column":null}},"8":{"start":{"line":57,"column":4},"end":{"line":57,"column":null}},"9":{"start":{"line":58,"column":26},"end":{"line":58,"column":null}},"10":{"start":{"line":60,"column":4},"end":{"line":60,"column":null}},"11":{"start":{"line":61,"column":4},"end":{"line":61,"column":null}},"12":{"start":{"line":64,"column":4},"end":{"line":64,"column":null}},"13":{"start":{"line":66,"column":17},"end":{"line":72,"column":null}},"14":{"start":{"line":74,"column":4},"end":{"line":74,"column":null}},"15":{"start":{"line":75,"column":4},"end":{"line":75,"column":null}},"16":{"start":{"line":78,"column":20},"end":{"line":78,"column":null}},"17":{"start":{"line":80,"column":4},"end":{"line":94,"column":null}},"18":{"start":{"line":81,"column":6},"end":{"line":81,"column":null}},"19":{"start":{"line":82,"column":6},"end":{"line":82,"column":null}},"20":{"start":{"line":84,"column":6},"end":{"line":88,"column":null}},"21":{"start":{"line":90,"column":6},"end":{"line":93,"column":null}},"22":{"start":{"line":96,"column":4},"end":{"line":96,"column":null}},"23":{"start":{"line":97,"column":4},"end":{"line":100,"column":null}},"24":{"start":{"line":113,"column":2},"end":{"line":129,"column":null}},"25":{"start":{"line":114,"column":20},"end":{"line":114,"column":null}},"26":{"start":{"line":116,"column":4},"end":{"line":119,"column":null}},"27":{"start":{"line":117,"column":6},"end":{"line":117,"column":null}},"28":{"start":{"line":118,"column":6},"end":{"line":118,"column":null}},"29":{"start":{"line":123,"column":4},"end":{"line":123,"column":null}},"30":{"start":{"line":124,"column":4},"end":{"line":124,"column":null}},"31":{"start":{"line":126,"column":4},"end":{"line":126,"column":null}},"32":{"start":{"line":128,"column":4},"end":{"line":128,"column":null}},"33":{"start":{"line":139,"column":2},"end":{"line":159,"column":null}},"34":{"start":{"line":140,"column":26},"end":{"line":140,"column":null}},"35":{"start":{"line":142,"column":10},"end":{"line":145,"column":null}},"36":{"start":{"line":149,"column":24},"end":{"line":151,"column":null}},"37":{"start":{"line":153,"column":4},"end":{"line":153,"column":null}},"38":{"start":{"line":155,"column":4},"end":{"line":158,"column":null}}},"fnMap":{"0":{"name":"deployToBaseSepolia","decl":{"start":{"line":23,"column":22},"end":{"line":23,"column":null}},"loc":{"start":{"line":25,"column":29},"end":{"line":102,"column":null}},"line":25},"1":{"name":"verifyContract","decl":{"start":{"line":108,"column":22},"end":{"line":108,"column":null}},"loc":{"start":{"line":112,"column":49},"end":{"line":130,"column":null}},"line":112},"2":{"name":"estimateDeploymentGas","decl":{"start":{"line":135,"column":22},"end":{"line":135,"column":null}},"loc":{"start":{"line":138,"column":52},"end":{"line":160,"column":null}},"line":138}},"branchMap":{"0":{"loc":{"start":{"line":28,"column":4},"end":{"line":33,"column":null}},"type":"if","locations":[{"start":{"line":28,"column":4},"end":{"line":33,"column":null}},{"start":{},"end":{}}],"line":28},"1":{"loc":{"start":{"line":49,"column":4},"end":{"line":54,"column":null}},"type":"if","locations":[{"start":{"line":49,"column":4},"end":{"line":54,"column":null}},{"start":{},"end":{}}],"line":49},"2":{"loc":{"start":{"line":71,"column":12},"end":{"line":71,"column":null}},"type":"binary-expr","locations":[{"start":{"line":71,"column":12},"end":{"line":71,"column":38}},{"start":{"line":71,"column":38},"end":{"line":71,"column":null}}],"line":71},"3":{"loc":{"start":{"line":80,"column":4},"end":{"line":94,"column":null}},"type":"if","locations":[{"start":{"line":80,"column":4},"end":{"line":94,"column":null}},{"start":{"line":89,"column":11},"end":{"line":94,"column":null}}],"line":80},"4":{"loc":{"start":{"line":80,"column":8},"end":{"line":80,"column":65}},"type":"binary-expr","locations":[{"start":{"line":80,"column":8},"end":{"line":80,"column":40}},{"start":{"line":80,"column":40},"end":{"line":80,"column":65}}],"line":80},"5":{"loc":{"start":{"line":99,"column":13},"end":{"line":99,"column":null}},"type":"binary-expr","locations":[{"start":{"line":99,"column":13},"end":{"line":99,"column":30}},{"start":{"line":99,"column":30},"end":{"line":99,"column":null}}],"line":99},"6":{"loc":{"start":{"line":111,"column":2},"end":{"line":111,"column":null}},"type":"default-arg","locations":[{"start":{"line":111,"column":27},"end":{"line":111,"column":null}}],"line":111},"7":{"loc":{"start":{"line":116,"column":4},"end":{"line":119,"column":null}},"type":"if","locations":[{"start":{"line":116,"column":4},"end":{"line":119,"column":null}},{"start":{},"end":{}}],"line":116},"8":{"loc":{"start":{"line":137,"column":2},"end":{"line":137,"column":null}},"type":"default-arg","locations":[{"start":{"line":137,"column":27},"end":{"line":137,"column":null}}],"line":137}},"s":{"0":0,"1":0,"2":0,"3":0,"4":0,"5":0,"6":0,"7":0,"8":0,"9":0,"10":0,"11":0,"12":0,"13":0,"14":0,"15":0,"16":0,"17":0,"18":0,"19":0,"20":0,"21":0,"22":0,"23":0,"24":0,"25":0,"26":0,"27":0,"28":0,"29":0,"30":0,"31":0,"32":0,"33":0,"34":0,"35":0,"36":0,"37":0,"38":0},"f":{"0":0,"1":0,"2":0},"b":{"0":[0,0],"1":[0,0],"2":[0,0],"3":[0,0],"4":[0,0],"5":[0,0],"6":[0],"7":[0,0],"8":[0]},"meta":{"lastBranch":9,"lastFunction":3,"lastStatement":39,"seen":{"f:23:22:23:Infinity":0,"s:26:2:101:Infinity":0,"b:28:4:33:Infinity:undefined:undefined:undefined:undefined":0,"s:28:4:33:Infinity":1,"s:29:6:32:Infinity":2,"s:36:10:39:Infinity":3,"s:41:10:44:Infinity":4,"s:47:22:47:Infinity":5,"b:49:4:54:Infinity:undefined:undefined:undefined:undefined":1,"s:49:4:54:Infinity":6,"s:50:6:53:Infinity":7,"s:57:4:57:Infinity":8,"s:58:26:58:Infinity":9,"s:60:4:60:Infinity":10,"s:61:4:61:Infinity":11,"s:64:4:64:Infinity":12,"s:66:17:72:Infinity":13,"b:71:12:71:38:71:38:71:Infinity":2,"s:74:4:74:Infinity":14,"s:75:4:75:Infinity":15,"s:78:20:78:Infinity":16,"b:80:4:94:Infinity:89:11:94:Infinity":3,"s:80:4:94:Infinity":17,"b:80:8:80:40:80:40:80:65":4,"s:81:6:81:Infinity":18,"s:82:6:82:Infinity":19,"s:84:6:88:Infinity":20,"s:90:6:93:Infinity":21,"s:96:4:96:Infinity":22,"s:97:4:100:Infinity":23,"b:99:13:99:30:99:30:99:Infinity":5,"f:108:22:108:Infinity":1,"b:111:27:111:Infinity":6,"s:113:2:129:Infinity":24,"s:114:20:114:Infinity":25,"b:116:4:119:Infinity:undefined:undefined:undefined:undefined":7,"s:116:4:119:Infinity":26,"s:117:6:117:Infinity":27,"s:118:6:118:Infinity":28,"s:123:4:123:Infinity":29,"s:124:4:124:Infinity":30,"s:126:4:126:Infinity":31,"s:128:4:128:Infinity":32,"f:135:22:135:Infinity":2,"b:137:27:137:Infinity":8,"s:139:2:159:Infinity":33,"s:140:26:140:Infinity":34,"s:142:10:145:Infinity":35,"s:149:24:151:Infinity":36,"s:153:4:153:Infinity":37,"s:155:4:158:Infinity":38}}}
,"/home/web3joker/Downloads/protobase/src/store/index.ts": {"path":"/home/web3joker/Downloads/protobase/src/store/index.ts","statementMap":{"0":{"start":{"line":19,"column":13},"end":{"line":36,"column":null}},"1":{"start":{"line":19,"column":56},"end":{"line":36,"column":2}},"2":{"start":{"line":26,"column":4},"end":{"line":26,"column":null}},"3":{"start":{"line":29,"column":4},"end":{"line":29,"column":null}},"4":{"start":{"line":32,"column":4},"end":{"line":32,"column":null}},"5":{"start":{"line":35,"column":4},"end":{"line":35,"column":null}},"6":{"start":{"line":56,"column":13},"end":{"line":84,"column":null}},"7":{"start":{"line":56,"column":58},"end":{"line":84,"column":2}},"8":{"start":{"line":61,"column":23},"end":{"line":61,"column":null}},"9":{"start":{"line":64,"column":4},"end":{"line":64,"column":null}},"10":{"start":{"line":64,"column":20},"end":{"line":64,"column":54}},"11":{"start":{"line":67,"column":4},"end":{"line":71,"column":null}},"12":{"start":{"line":67,"column":20},"end":{"line":71,"column":6}},"13":{"start":{"line":69,"column":8},"end":{"line":69,"column":null}},"14":{"start":{"line":74,"column":4},"end":{"line":76,"column":null}},"15":{"start":{"line":74,"column":20},"end":{"line":76,"column":6}},"16":{"start":{"line":75,"column":42},"end":{"line":75,"column":56}},"17":{"start":{"line":78,"column":29},"end":{"line":78,"column":null}},"18":{"start":{"line":80,"column":29},"end":{"line":80,"column":null}},"19":{"start":{"line":83,"column":4},"end":{"line":83,"column":null}},"20":{"start":{"line":102,"column":13},"end":{"line":120,"column":null}},"21":{"start":{"line":102,"column":52},"end":{"line":120,"column":2}},"22":{"start":{"line":107,"column":22},"end":{"line":107,"column":null}},"23":{"start":{"line":109,"column":23},"end":{"line":109,"column":null}},"24":{"start":{"line":111,"column":22},"end":{"line":111,"column":null}},"25":{"start":{"line":114,"column":4},"end":{"line":114,"column":null}},"26":{"start":{"line":116,"column":4},"end":{"line":116,"column":null}},"27":{"start":{"line":116,"column":21},"end":{"line":116,"column":43}},"28":{"start":{"line":119,"column":19},"end":{"line":119,"column":null}},"29":{"start":{"line":151,"column":13},"end":{"line":252,"column":null}},"30":{"start":{"line":151,"column":69},"end":{"line":252,"column":2}},"31":{"start":{"line":153,"column":6},"end":{"line":167,"column":null}},"32":{"start":{"line":154,"column":19},"end":{"line":154,"column":null}},"33":{"start":{"line":154,"column":48},"end":{"line":154,"column":68}},"34":{"start":{"line":155,"column":8},"end":{"line":155,"column":null}},"35":{"start":{"line":155,"column":17},"end":{"line":155,"column":null}},"36":{"start":{"line":157,"column":30},"end":{"line":157,"column":null}},"37":{"start":{"line":157,"column":53},"end":{"line":157,"column":76}},"38":{"start":{"line":158,"column":17},"end":{"line":158,"column":null}},"39":{"start":{"line":159,"column":8},"end":{"line":159,"column":null}},"40":{"start":{"line":159,"column":28},"end":{"line":159,"column":null}},"41":{"start":{"line":160,"column":23},"end":{"line":160,"column":null}},"42":{"start":{"line":161,"column":8},"end":{"line":166,"column":null}},"43":{"start":{"line":163,"column":12},"end":{"line":163,"column":null}},"44":{"start":{"line":171,"column":6},"end":{"line":185,"column":null}},"45":{"start":{"line":173,"column":19},"end":{"line":173,"column":null}},"46":{"start":{"line":173,"column":48},"end":{"line":173,"column":79}},"47":{"start":{"line":174,"column":8},"end":{"line":174,"column":null}},"48":{"start":{"line":174,"column":17},"end":{"line":174,"column":null}},"49":{"start":{"line":176,"column":26},"end":{"line":176,"column":null}},"50":{"start":{"line":177,"column":8},"end":{"line":177,"column":null}},"51":{"start":{"line":177,"column":43},"end":{"line":177,"column":null}},"52":{"start":{"line":179,"column":8},"end":{"line":184,"column":null}},"53":{"start":{"line":181,"column":12},"end":{"line":181,"column":null}},"54":{"start":{"line":189,"column":17},"end":{"line":189,"column":null}},"55":{"start":{"line":189,"column":46},"end":{"line":189,"column":66}},"56":{"start":{"line":190,"column":6},"end":{"line":194,"column":null}},"57":{"start":{"line":203,"column":33},"end":{"line":203,"column":null}},"58":{"start":{"line":206,"column":4},"end":{"line":206,"column":null}},"59":{"start":{"line":206,"column":20},"end":{"line":206,"column":69}},"60":{"start":{"line":209,"column":4},"end":{"line":213,"column":null}},"61":{"start":{"line":209,"column":20},"end":{"line":213,"column":6}},"62":{"start":{"line":211,"column":8},"end":{"line":211,"column":null}},"63":{"start":{"line":215,"column":30},"end":{"line":215,"column":null}},"64":{"start":{"line":218,"column":4},"end":{"line":222,"column":null}},"65":{"start":{"line":218,"column":20},"end":{"line":222,"column":6}},"66":{"start":{"line":220,"column":8},"end":{"line":220,"column":null}},"67":{"start":{"line":225,"column":4},"end":{"line":239,"column":null}},"68":{"start":{"line":226,"column":12},"end":{"line":226,"column":null}},"69":{"start":{"line":227,"column":28},"end":{"line":229,"column":null}},"70":{"start":{"line":231,"column":25},"end":{"line":231,"column":null}},"71":{"start":{"line":232,"column":23},"end":{"line":232,"column":null}},"72":{"start":{"line":234,"column":6},"end":{"line":238,"column":null}},"73":{"start":{"line":243,"column":4},"end":{"line":249,"column":null}},"74":{"start":{"line":244,"column":22},"end":{"line":244,"column":null}},"75":{"start":{"line":245,"column":6},"end":{"line":248,"column":null}},"76":{"start":{"line":246,"column":8},"end":{"line":246,"column":null}},"77":{"start":{"line":247,"column":8},"end":{"line":247,"column":null}},"78":{"start":{"line":250,"column":4},"end":{"line":250,"column":null}}},"fnMap":{"0":{"name":"(anonymous_0)","decl":{"start":{"line":19,"column":46},"end":{"line":19,"column":47}},"loc":{"start":{"line":19,"column":56},"end":{"line":36,"column":2}},"line":19},"1":{"name":"(anonymous_1)","decl":{"start":{"line":25,"column":11},"end":{"line":25,"column":12}},"loc":{"start":{"line":26,"column":4},"end":{"line":26,"column":null}},"line":26},"2":{"name":"(anonymous_2)","decl":{"start":{"line":28,"column":13},"end":{"line":28,"column":null}},"loc":{"start":{"line":29,"column":4},"end":{"line":29,"column":null}},"line":29},"3":{"name":"(anonymous_3)","decl":{"start":{"line":31,"column":14},"end":{"line":31,"column":15}},"loc":{"start":{"line":32,"column":4},"end":{"line":32,"column":null}},"line":32},"4":{"name":"(anonymous_4)","decl":{"start":{"line":34,"column":17},"end":{"line":34,"column":18}},"loc":{"start":{"line":35,"column":4},"end":{"line":35,"column":null}},"line":35},"5":{"name":"(anonymous_5)","decl":{"start":{"line":56,"column":48},"end":{"line":56,"column":49}},"loc":{"start":{"line":56,"column":58},"end":{"line":84,"column":2}},"line":56},"6":{"name":"(anonymous_6)","decl":{"start":{"line":61,"column":12},"end":{"line":61,"column":13}},"loc":{"start":{"line":61,"column":23},"end":{"line":61,"column":null}},"line":61},"7":{"name":"(anonymous_7)","decl":{"start":{"line":63,"column":11},"end":{"line":63,"column":12}},"loc":{"start":{"line":64,"column":4},"end":{"line":64,"column":null}},"line":64},"8":{"name":"(anonymous_8)","decl":{"start":{"line":64,"column":8},"end":{"line":64,"column":9}},"loc":{"start":{"line":64,"column":20},"end":{"line":64,"column":54}},"line":64},"9":{"name":"(anonymous_9)","decl":{"start":{"line":66,"column":14},"end":{"line":66,"column":15}},"loc":{"start":{"line":67,"column":4},"end":{"line":71,"column":null}},"line":67},"10":{"name":"(anonymous_10)","decl":{"start":{"line":67,"column":8},"end":{"line":67,"column":9}},"loc":{"start":{"line":67,"column":20},"end":{"line":71,"column":6}},"line":67},"11":{"name":"(anonymous_11)","decl":{"start":{"line":68,"column":29},"end":{"line":68,"column":30}},"loc":{"start":{"line":69,"column":8},"end":{"line":69,"column":null}},"line":69},"12":{"name":"(anonymous_12)","decl":{"start":{"line":73,"column":14},"end":{"line":73,"column":15}},"loc":{"start":{"line":74,"column":4},"end":{"line":76,"column":null}},"line":74},"13":{"name":"(anonymous_13)","decl":{"start":{"line":74,"column":8},"end":{"line":74,"column":9}},"loc":{"start":{"line":74,"column":20},"end":{"line":76,"column":6}},"line":74},"14":{"name":"(anonymous_14)","decl":{"start":{"line":75,"column":32},"end":{"line":75,"column":33}},"loc":{"start":{"line":75,"column":42},"end":{"line":75,"column":56}},"line":75},"15":{"name":"(anonymous_15)","decl":{"start":{"line":78,"column":15},"end":{"line":78,"column":16}},"loc":{"start":{"line":78,"column":29},"end":{"line":78,"column":null}},"line":78},"16":{"name":"(anonymous_16)","decl":{"start":{"line":80,"column":18},"end":{"line":80,"column":19}},"loc":{"start":{"line":80,"column":29},"end":{"line":80,"column":null}},"line":80},"17":{"name":"(anonymous_17)","decl":{"start":{"line":82,"column":16},"end":{"line":82,"column":null}},"loc":{"start":{"line":83,"column":4},"end":{"line":83,"column":null}},"line":83},"18":{"name":"(anonymous_18)","decl":{"start":{"line":102,"column":42},"end":{"line":102,"column":43}},"loc":{"start":{"line":102,"column":52},"end":{"line":120,"column":2}},"line":102},"19":{"name":"(anonymous_19)","decl":{"start":{"line":107,"column":16},"end":{"line":107,"column":22}},"loc":{"start":{"line":107,"column":22},"end":{"line":107,"column":null}},"line":107},"20":{"name":"(anonymous_20)","decl":{"start":{"line":109,"column":17},"end":{"line":109,"column":23}},"loc":{"start":{"line":109,"column":23},"end":{"line":109,"column":null}},"line":109},"21":{"name":"(anonymous_21)","decl":{"start":{"line":111,"column":14},"end":{"line":111,"column":15}},"loc":{"start":{"line":111,"column":22},"end":{"line":111,"column":null}},"line":111},"22":{"name":"(anonymous_22)","decl":{"start":{"line":113,"column":13},"end":{"line":113,"column":14}},"loc":{"start":{"line":113,"column":32},"end":{"line":117,"column":null}},"line":113},"23":{"name":"(anonymous_23)","decl":{"start":{"line":116,"column":15},"end":{"line":116,"column":21}},"loc":{"start":{"line":116,"column":21},"end":{"line":116,"column":43}},"line":116},"24":{"name":"(anonymous_24)","decl":{"start":{"line":119,"column":13},"end":{"line":119,"column":19}},"loc":{"start":{"line":119,"column":19},"end":{"line":119,"column":null}},"line":119},"25":{"name":"(anonymous_25)","decl":{"start":{"line":151,"column":54},"end":{"line":151,"column":55}},"loc":{"start":{"line":151,"column":69},"end":{"line":252,"column":2}},"line":151},"26":{"name":"(anonymous_26)","decl":{"start":{"line":152,"column":18},"end":{"line":152,"column":19}},"loc":{"start":{"line":152,"column":45},"end":{"line":168,"column":null}},"line":152},"27":{"name":"(anonymous_27)","decl":{"start":{"line":153,"column":10},"end":{"line":153,"column":11}},"loc":{"start":{"line":153,"column":21},"end":{"line":167,"column":7}},"line":153},"28":{"name":"(anonymous_28)","decl":{"start":{"line":154,"column":41},"end":{"line":154,"column":42}},"loc":{"start":{"line":154,"column":48},"end":{"line":154,"column":68}},"line":154},"29":{"name":"(anonymous_29)","decl":{"start":{"line":157,"column":46},"end":{"line":157,"column":47}},"loc":{"start":{"line":157,"column":53},"end":{"line":157,"column":76}},"line":157},"30":{"name":"(anonymous_30)","decl":{"start":{"line":162,"column":43},"end":{"line":162,"column":44}},"loc":{"start":{"line":163,"column":12},"end":{"line":163,"column":null}},"line":163},"31":{"name":"(anonymous_31)","decl":{"start":{"line":170,"column":19},"end":{"line":170,"column":20}},"loc":{"start":{"line":170,"column":48},"end":{"line":186,"column":null}},"line":170},"32":{"name":"(anonymous_32)","decl":{"start":{"line":171,"column":10},"end":{"line":171,"column":11}},"loc":{"start":{"line":171,"column":21},"end":{"line":185,"column":7}},"line":171},"33":{"name":"(anonymous_33)","decl":{"start":{"line":173,"column":41},"end":{"line":173,"column":42}},"loc":{"start":{"line":173,"column":48},"end":{"line":173,"column":79}},"line":173},"34":{"name":"(anonymous_34)","decl":{"start":{"line":180,"column":43},"end":{"line":180,"column":44}},"loc":{"start":{"line":181,"column":12},"end":{"line":181,"column":null}},"line":181},"35":{"name":"(anonymous_35)","decl":{"start":{"line":188,"column":22},"end":{"line":188,"column":23}},"loc":{"start":{"line":188,"column":39},"end":{"line":195,"column":null}},"line":188},"36":{"name":"(anonymous_36)","decl":{"start":{"line":189,"column":39},"end":{"line":189,"column":40}},"loc":{"start":{"line":189,"column":46},"end":{"line":189,"column":66}},"line":189},"37":{"name":"(anonymous_37)","decl":{"start":{"line":203,"column":17},"end":{"line":203,"column":18}},"loc":{"start":{"line":203,"column":33},"end":{"line":203,"column":null}},"line":203},"38":{"name":"(anonymous_38)","decl":{"start":{"line":205,"column":16},"end":{"line":205,"column":17}},"loc":{"start":{"line":206,"column":4},"end":{"line":206,"column":null}},"line":206},"39":{"name":"(anonymous_39)","decl":{"start":{"line":206,"column":8},"end":{"line":206,"column":9}},"loc":{"start":{"line":206,"column":20},"end":{"line":206,"column":69}},"line":206},"40":{"name":"(anonymous_40)","decl":{"start":{"line":208,"column":19},"end":{"line":208,"column":20}},"loc":{"start":{"line":209,"column":4},"end":{"line":213,"column":null}},"line":209},"41":{"name":"(anonymous_41)","decl":{"start":{"line":209,"column":8},"end":{"line":209,"column":9}},"loc":{"start":{"line":209,"column":20},"end":{"line":213,"column":6}},"line":209},"42":{"name":"(anonymous_42)","decl":{"start":{"line":210,"column":39},"end":{"line":210,"column":40}},"loc":{"start":{"line":211,"column":8},"end":{"line":211,"column":null}},"line":211},"43":{"name":"(anonymous_43)","decl":{"start":{"line":215,"column":22},"end":{"line":215,"column":23}},"loc":{"start":{"line":215,"column":30},"end":{"line":215,"column":null}},"line":215},"44":{"name":"(anonymous_44)","decl":{"start":{"line":217,"column":16},"end":{"line":217,"column":17}},"loc":{"start":{"line":218,"column":4},"end":{"line":222,"column":null}},"line":218},"45":{"name":"(anonymous_45)","decl":{"start":{"line":218,"column":8},"end":{"line":218,"column":9}},"loc":{"start":{"line":218,"column":20},"end":{"line":222,"column":6}},"line":218},"46":{"name":"(anonymous_46)","decl":{"start":{"line":219,"column":39},"end":{"line":219,"column":40}},"loc":{"start":{"line":220,"column":8},"end":{"line":220,"column":null}},"line":220},"47":{"name":"(anonymous_47)","decl":{"start":{"line":224,"column":22},"end":{"line":224,"column":null}},"loc":{"start":{"line":225,"column":4},"end":{"line":239,"column":null}},"line":225},"48":{"name":"(anonymous_48)","decl":{"start":{"line":225,"column":8},"end":{"line":225,"column":9}},"loc":{"start":{"line":225,"column":19},"end":{"line":239,"column":5}},"line":225},"49":{"name":"(anonymous_49)","decl":{"start":{"line":241,"column":13},"end":{"line":241,"column":14}},"loc":{"start":{"line":241,"column":32},"end":{"line":251,"column":null}},"line":241}},"branchMap":{"0":{"loc":{"start":{"line":69,"column":8},"end":{"line":69,"column":null}},"type":"cond-expr","locations":[{"start":{"line":69,"column":25},"end":{"line":69,"column":51}},{"start":{"line":69,"column":51},"end":{"line":69,"column":null}}],"line":69},"1":{"loc":{"start":{"line":155,"column":8},"end":{"line":155,"column":null}},"type":"if","locations":[{"start":{"line":155,"column":8},"end":{"line":155,"column":null}},{"start":{},"end":{}}],"line":155},"2":{"loc":{"start":{"line":159,"column":8},"end":{"line":159,"column":null}},"type":"if","locations":[{"start":{"line":159,"column":8},"end":{"line":159,"column":null}},{"start":{},"end":{}}],"line":159},"3":{"loc":{"start":{"line":160,"column":28},"end":{"line":160,"column":46}},"type":"binary-expr","locations":[{"start":{"line":160,"column":28},"end":{"line":160,"column":41}},{"start":{"line":160,"column":41},"end":{"line":160,"column":46}}],"line":160},"4":{"loc":{"start":{"line":163,"column":12},"end":{"line":163,"column":null}},"type":"cond-expr","locations":[{"start":{"line":163,"column":35},"end":{"line":163,"column":54}},{"start":{"line":163,"column":54},"end":{"line":163,"column":null}}],"line":163},"5":{"loc":{"start":{"line":174,"column":8},"end":{"line":174,"column":null}},"type":"if","locations":[{"start":{"line":174,"column":8},"end":{"line":174,"column":null}},{"start":{},"end":{}}],"line":174},"6":{"loc":{"start":{"line":176,"column":26},"end":{"line":176,"column":null}},"type":"binary-expr","locations":[{"start":{"line":176,"column":26},"end":{"line":176,"column":42}},{"start":{"line":176,"column":42},"end":{"line":176,"column":null}}],"line":176},"7":{"loc":{"start":{"line":177,"column":8},"end":{"line":177,"column":null}},"type":"if","locations":[{"start":{"line":177,"column":8},"end":{"line":177,"column":null}},{"start":{},"end":{}}],"line":177},"8":{"loc":{"start":{"line":181,"column":12},"end":{"line":181,"column":null}},"type":"cond-expr","locations":[{"start":{"line":181,"column":29},"end":{"line":181,"column":78}},{"start":{"line":181,"column":78},"end":{"line":181,"column":null}}],"line":181},"9":{"loc":{"start":{"line":191,"column":21},"end":{"line":191,"column":null}},"type":"binary-expr","locations":[{"start":{"line":191,"column":21},"end":{"line":191,"column":43}},{"start":{"line":191,"column":43},"end":{"line":191,"column":null}}],"line":191},"10":{"loc":{"start":{"line":192,"column":24},"end":{"line":192,"column":null}},"type":"binary-expr","locations":[{"start":{"line":192,"column":24},"end":{"line":192,"column":49}},{"start":{"line":192,"column":49},"end":{"line":192,"column":null}}],"line":192},"11":{"loc":{"start":{"line":193,"column":19},"end":{"line":193,"column":46}},"type":"binary-expr","locations":[{"start":{"line":193,"column":19},"end":{"line":193,"column":41}},{"start":{"line":193,"column":41},"end":{"line":193,"column":46}}],"line":193},"12":{"loc":{"start":{"line":193,"column":53},"end":{"line":193,"column":83}},"type":"binary-expr","locations":[{"start":{"line":193,"column":53},"end":{"line":193,"column":78}},{"start":{"line":193,"column":78},"end":{"line":193,"column":83}}],"line":193},"13":{"loc":{"start":{"line":211,"column":8},"end":{"line":211,"column":null}},"type":"cond-expr","locations":[{"start":{"line":211,"column":23},"end":{"line":211,"column":84}},{"start":{"line":211,"column":84},"end":{"line":211,"column":null}}],"line":211},"14":{"loc":{"start":{"line":220,"column":8},"end":{"line":220,"column":null}},"type":"cond-expr","locations":[{"start":{"line":220,"column":23},"end":{"line":220,"column":80}},{"start":{"line":220,"column":80},"end":{"line":220,"column":null}}],"line":220},"15":{"loc":{"start":{"line":227,"column":28},"end":{"line":229,"column":null}},"type":"cond-expr","locations":[{"start":{"line":228,"column":10},"end":{"line":228,"column":null}},{"start":{"line":229,"column":10},"end":{"line":229,"column":null}}],"line":227},"16":{"loc":{"start":{"line":231,"column":25},"end":{"line":231,"column":null}},"type":"cond-expr","locations":[{"start":{"line":231,"column":41},"end":{"line":231,"column":65}},{"start":{"line":231,"column":65},"end":{"line":231,"column":null}}],"line":231},"17":{"loc":{"start":{"line":245,"column":6},"end":{"line":248,"column":null}},"type":"if","locations":[{"start":{"line":245,"column":6},"end":{"line":248,"column":null}},{"start":{},"end":{}}],"line":245},"18":{"loc":{"start":{"line":245,"column":10},"end":{"line":245,"column":41}},"type":"binary-expr","locations":[{"start":{"line":245,"column":10},"end":{"line":245,"column":21}},{"start":{"line":245,"column":21},"end":{"line":245,"column":41}}],"line":245}},"s":{"0":1,"1":1,"2":0,"3":0,"4":0,"5":0,"6":1,"7":1,"8":0,"9":0,"10":0,"11":0,"12":0,"13":0,"14":0,"15":0,"16":0,"17":0,"18":0,"19":0,"20":1,"21":1,"22":0,"23":0,"24":0,"25":0,"26":0,"27":0,"28":0,"29":1,"30":1,"31":0,"32":0,"33":0,"34":0,"35":0,"36":0,"37":0,"38":0,"39":0,"40":0,"41":0,"42":0,"43":0,"44":0,"45":0,"46":0,"47":0,"48":0,"49":0,"50":0,"51":0,"52":0,"53":0,"54":0,"55":0,"56":0,"57":0,"58":0,"59":0,"60":0,"61":0,"62":0,"63":0,"64":0,"65":0,"66":0,"67":0,"68":0,"69":0,"70":0,"71":0,"72":0,"73":0,"74":0,"75":0,"76":0,"77":0,"78":0},"f":{"0":1,"1":0,"2":0,"3":0,"4":0,"5":1,"6":0,"7":0,"8":0,"9":0,"10":0,"11":0,"12":0,"13":0,"14":0,"15":0,"16":0,"17":0,"18":1,"19":0,"20":0,"21":0,"22":0,"23":0,"24":0,"25":1,"26":0,"27":0,"28":0,"29":0,"30":0,"31":0,"32":0,"33":0,"34":0,"35":0,"36":0,"37":0,"38":0,"39":0,"40":0,"41":0,"42":0,"43":0,"44":0,"45":0,"46":0,"47":0,"48":0,"49":0},"b":{"0":[0,0],"1":[0,0],"2":[0,0],"3":[0,0],"4":[0,0],"5":[0,0],"6":[0,0],"7":[0,0],"8":[0,0],"9":[0,0],"10":[0,0],"11":[0,0],"12":[0,0],"13":[0,0],"14":[0,0],"15":[0,0],"16":[0,0],"17":[0,0],"18":[0,0]},"meta":{"lastBranch":19,"lastFunction":50,"lastStatement":79,"seen":{"s:19:13:36:Infinity":0,"f:19:46:19:47":0,"s:19:56:36:2":1,"f:25:11:25:12":1,"s:26:4:26:Infinity":2,"f:28:13:28:Infinity":2,"s:29:4:29:Infinity":3,"f:31:14:31:15":3,"s:32:4:32:Infinity":4,"f:34:17:34:18":4,"s:35:4:35:Infinity":5,"s:56:13:84:Infinity":6,"f:56:48:56:49":5,"s:56:58:84:2":7,"f:61:12:61:13":6,"s:61:23:61:Infinity":8,"f:63:11:63:12":7,"s:64:4:64:Infinity":9,"f:64:8:64:9":8,"s:64:20:64:54":10,"f:66:14:66:15":9,"s:67:4:71:Infinity":11,"f:67:8:67:9":10,"s:67:20:71:6":12,"f:68:29:68:30":11,"s:69:8:69:Infinity":13,"b:69:25:69:51:69:51:69:Infinity":0,"f:73:14:73:15":12,"s:74:4:76:Infinity":14,"f:74:8:74:9":13,"s:74:20:76:6":15,"f:75:32:75:33":14,"s:75:42:75:56":16,"f:78:15:78:16":15,"s:78:29:78:Infinity":17,"f:80:18:80:19":16,"s:80:29:80:Infinity":18,"f:82:16:82:Infinity":17,"s:83:4:83:Infinity":19,"s:102:13:120:Infinity":20,"f:102:42:102:43":18,"s:102:52:120:2":21,"f:107:16:107:22":19,"s:107:22:107:Infinity":22,"f:109:17:109:23":20,"s:109:23:109:Infinity":23,"f:111:14:111:15":21,"s:111:22:111:Infinity":24,"f:113:13:113:14":22,"s:114:4:114:Infinity":25,"s:116:4:116:Infinity":26,"f:116:15:116:21":23,"s:116:21:116:43":27,"f:119:13:119:19":24,"s:119:19:119:Infinity":28,"s:151:13:252:Infinity":29,"f:151:54:151:55":25,"s:151:69:252:2":30,"f:152:18:152:19":26,"s:153:6:167:Infinity":31,"f:153:10:153:11":27,"s:154:19:154:Infinity":32,"f:154:41:154:42":28,"s:154:48:154:68":33,"b:155:8:155:Infinity:undefined:undefined:undefined:undefined":1,"s:155:8:155:Infinity":34,"s:155:17:155:Infinity":35,"s:157:30:157:Infinity":36,"f:157:46:157:47":29,"s:157:53:157:76":37,"s:158:17:158:Infinity":38,"b:159:8:159:Infinity:undefined:undefined:undefined:undefined":2,"s:159:8:159:Infinity":39,"s:159:28:159:Infinity":40,"s:160:23:160:Infinity":41,"b:160:28:160:41:160:41:160:46":3,"s:161:8:166:Infinity":42,"f:162:43:162:44":30,"s:163:12:163:Infinity":43,"b:163:35:163:54:163:54:163:Infinity":4,"f:170:19:170:20":31,"s:171:6:185:Infinity":44,"f:171:10:171:11":32,"s:173:19:173:Infinity":45,"f:173:41:173:42":33,"s:173:48:173:79":46,"b:174:8:174:Infinity:undefined:undefined:undefined:undefined":5,"s:174:8:174:Infinity":47,"s:174:17:174:Infinity":48,"s:176:26:176:Infinity":49,"b:176:26:176:42:176:42:176:Infinity":6,"b:177:8:177:Infinity:undefined:undefined:undefined:undefined":7,"s:177:8:177:Infinity":50,"s:177:43:177:Infinity":51,"s:179:8:184:Infinity":52,"f:180:43:180:44":34,"s:181:12:181:Infinity":53,"b:181:29:181:78:181:78:181:Infinity":8,"f:188:22:188:23":35,"s:189:17:189:Infinity":54,"f:189:39:189:40":36,"s:189:46:189:66":55,"s:190:6:194:Infinity":56,"b:191:21:191:43:191:43:191:Infinity":9,"b:192:24:192:49:192:49:192:Infinity":10,"b:193:19:193:41:193:41:193:46":11,"b:193:53:193:78:193:78:193:83":12,"f:203:17:203:18":37,"s:203:33:203:Infinity":57,"f:205:16:205:17":38,"s:206:4:206:Infinity":58,"f:206:8:206:9":39,"s:206:20:206:69":59,"f:208:19:208:20":40,"s:209:4:213:Infinity":60,"f:209:8:209:9":41,"s:209:20:213:6":61,"f:210:39:210:40":42,"s:211:8:211:Infinity":62,"b:211:23:211:84:211:84:211:Infinity":13,"f:215:22:215:23":43,"s:215:30:215:Infinity":63,"f:217:16:217:17":44,"s:218:4:222:Infinity":64,"f:218:8:218:9":45,"s:218:20:222:6":65,"f:219:39:219:40":46,"s:220:8:220:Infinity":66,"b:220:23:220:80:220:80:220:Infinity":14,"f:224:22:224:Infinity":47,"s:225:4:239:Infinity":67,"f:225:8:225:9":48,"s:226:12:226:Infinity":68,"s:227:28:229:Infinity":69,"b:228:10:228:Infinity:229:10:229:Infinity":15,"s:231:25:231:Infinity":70,"b:231:41:231:65:231:65:231:Infinity":16,"s:232:23:232:Infinity":71,"s:234:6:238:Infinity":72,"f:241:13:241:14":49,"s:243:4:249:Infinity":73,"s:244:22:244:Infinity":74,"b:245:6:248:Infinity:undefined:undefined:undefined:undefined":17,"s:245:6:248:Infinity":75,"b:245:10:245:21:245:21:245:41":18,"s:246:8:246:Infinity":76,"s:247:8:247:Infinity":77,"s:250:4:250:Infinity":78}}}
,"/home/web3joker/Downloads/protobase/src/templates/contracts.ts": {"path":"/home/web3joker/Downloads/protobase/src/templates/contracts.ts","statementMap":{"0":{"start":{"line":7,"column":58},"end":{"line":301,"column":null}}},"fnMap":{},"branchMap":{},"s":{"0":1},"f":{},"b":{},"meta":{"lastBranch":0,"lastFunction":0,"lastStatement":1,"seen":{"s:7:58:301:Infinity":0}}}
,"/home/web3joker/Downloads/protobase/src/templates/frontend.ts": {"path":"/home/web3joker/Downloads/protobase/src/templates/frontend.ts","statementMap":{"0":{"start":{"line":7,"column":53},"end":{"line":308,"column":null}}},"fnMap":{},"branchMap":{},"s":{"0":1},"f":{},"b":{},"meta":{"lastBranch":0,"lastFunction":0,"lastStatement":1,"seen":{"s:7:53:308:Infinity":0}}}
}
